[2025年 8月 5日 星期二 10时19分31秒 CST] Changes pushed successfully
[2025年 8月 5日 星期二 10时22分52秒 CST] Changes pushed successfully
[Tue Aug  5 19:00:04 CST 2025] Changes pushed successfully
[Wed Aug  6 10:00:03 CST 2025] Changes pushed successfully
[2025年 8月 7日 星期四 10时26分43秒 CST] Local changes stashed
[2025年 8月 7日 星期四 10时26分47秒 CST] Successfully pulled remote changes
[2025年 8月 7日 星期四 10时26分47秒 CST] Stashed changes restored
[2025年 8月 9日 星期六 21时36分01秒 CST] Local changes stashed
[2025年 8月 9日 星期六 21时36分05秒 CST] Successfully pulled remote changes
[2025年 8月 9日 星期六 21时36分05秒 CST] Stashed changes restored
[2025年 8月13日 星期三 19时34分58秒 CST] Local changes stashed
[2025年 8月13日 星期三 19时35分03秒 CST] Successfully pulled remote changes
[2025年 8月13日 星期三 19时35分03秒 CST] Stashed changes restored
[2025年 8月13日 星期三 19时37分43秒 CST] Local changes stashed
[2025年 8月13日 星期三 19时37分47秒 CST] Successfully pulled remote changes
[2025年 8月13日 星期三 19时37分48秒 CST] Stashed changes restored
[2025年 8月13日 星期三 19时40分04秒 CST] Local changes stashed
[2025年 8月13日 星期三 19时40分08秒 CST] Successfully pulled remote changes
[2025年 8月13日 星期三 19时40分09秒 CST] Stashed changes restored
[2025年 8月13日 星期三 19时40分29秒 CST] Local changes stashed
[2025年 8月13日 星期三 19时40分33秒 CST] Successfully pulled remote changes
[2025年 8月13日 星期三 19时40分34秒 CST] Stashed changes restored
